[debug] [2024-01-17T12:38:54.349Z] ----------------------------------------------------------------------
[debug] [2024-01-17T12:38:54.352Z] Command:       C:\Program Files\nodejs\node.exe C:\Users\vayus\AppData\Roaming\npm\node_modules\firebase-tools\lib\bin\firebase.js deploy
[debug] [2024-01-17T12:38:54.352Z] CLI Version:   13.0.3
[debug] [2024-01-17T12:38:54.352Z] Platform:      win32
[debug] [2024-01-17T12:38:54.352Z] Node Version:  v21.5.0
[debug] [2024-01-17T12:38:54.353Z] Time:          Wed Jan 17 2024 18:08:54 GMT+0530 (India Standard Time)
[debug] [2024-01-17T12:38:54.353Z] ----------------------------------------------------------------------
[debug] 
[debug] [2024-01-17T12:38:54.360Z] >>> [apiv2][query] GET https://firebase-public.firebaseio.com/cli.json [none]
[debug] [2024-01-17T12:38:54.474Z] > command requires scopes: ["email","openid","https://www.googleapis.com/auth/cloudplatformprojects.readonly","https://www.googleapis.com/auth/firebase","https://www.googleapis.com/auth/cloud-platform"]
[debug] [2024-01-17T12:38:54.475Z] > authorizing via signed-in user (web.developers.2021.2024@gmail.com)
[debug] [2024-01-17T12:38:54.475Z] [iam] checking project tdp-reports-c4ee8 for permissions ["firebase.projects.get","firebasehosting.sites.update"]
[debug] [2024-01-17T12:38:54.476Z] > refreshing access token with scopes: []
[debug] [2024-01-17T12:38:54.477Z] >>> [apiv2][query] POST https://www.googleapis.com/oauth2/v3/token [none]
[debug] [2024-01-17T12:38:54.477Z] >>> [apiv2][body] POST https://www.googleapis.com/oauth2/v3/token [omitted]
[debug] [2024-01-17T12:38:54.782Z] <<< [apiv2][status] POST https://www.googleapis.com/oauth2/v3/token 200
[debug] [2024-01-17T12:38:54.782Z] <<< [apiv2][body] POST https://www.googleapis.com/oauth2/v3/token [omitted]
[debug] [2024-01-17T12:38:54.793Z] >>> [apiv2][query] POST https://cloudresourcemanager.googleapis.com/v1/projects/tdp-reports-c4ee8:testIamPermissions [none]
[debug] [2024-01-17T12:38:54.794Z] >>> [apiv2][(partial)header] POST https://cloudresourcemanager.googleapis.com/v1/projects/tdp-reports-c4ee8:testIamPermissions x-goog-quota-user=projects/tdp-reports-c4ee8
[debug] [2024-01-17T12:38:54.794Z] >>> [apiv2][body] POST https://cloudresourcemanager.googleapis.com/v1/projects/tdp-reports-c4ee8:testIamPermissions {"permissions":["firebase.projects.get","firebasehosting.sites.update"]}
[debug] [2024-01-17T12:38:55.197Z] <<< [apiv2][status] GET https://firebase-public.firebaseio.com/cli.json 200
[debug] [2024-01-17T12:38:55.197Z] <<< [apiv2][body] GET https://firebase-public.firebaseio.com/cli.json {"cloudBuildErrorAfter":1594252800000,"cloudBuildWarnAfter":1590019200000,"defaultNode10After":1594252800000,"minVersion":"3.0.5","node8DeploysDisabledAfter":1613390400000,"node8RuntimeDisabledAfter":1615809600000,"node8WarnAfter":1600128000000}
[debug] [2024-01-17T12:38:56.580Z] <<< [apiv2][status] POST https://cloudresourcemanager.googleapis.com/v1/projects/tdp-reports-c4ee8:testIamPermissions 200
[debug] [2024-01-17T12:38:56.580Z] <<< [apiv2][body] POST https://cloudresourcemanager.googleapis.com/v1/projects/tdp-reports-c4ee8:testIamPermissions {}
[debug] [2024-01-17T12:38:56.581Z] [iam] error while checking permissions, command may fail: FirebaseError: Authorization failed. This account is missing the following required permissions on project tdp-reports-c4ee8:

  firebase.projects.get
  firebasehosting.sites.update
[debug] [2024-01-17T12:38:56.582Z] >>> [apiv2][query] GET https://firebase.googleapis.com/v1beta1/projects/tdp-reports-c4ee8 [none]
[debug] [2024-01-17T12:38:57.253Z] <<< [apiv2][status] GET https://firebase.googleapis.com/v1beta1/projects/tdp-reports-c4ee8 403
[debug] [2024-01-17T12:38:57.253Z] <<< [apiv2][body] GET https://firebase.googleapis.com/v1beta1/projects/tdp-reports-c4ee8 {"error":{"code":403,"message":"The caller does not have permission","status":"PERMISSION_DENIED"}}
[debug] [2024-01-17T12:38:57.254Z] HTTP Error: 403, The caller does not have permission
[error] 
[error] Error: Assertion failed: resolving hosting target of a site with no site name or target name. This should have caused an error earlier
[debug] [2024-01-17T12:41:23.280Z] ----------------------------------------------------------------------
[debug] [2024-01-17T12:41:23.282Z] Command:       C:\Program Files\nodejs\node.exe C:\Users\vayus\AppData\Roaming\npm\node_modules\firebase-tools\lib\bin\firebase.js deploy
[debug] [2024-01-17T12:41:23.283Z] CLI Version:   13.0.3
[debug] [2024-01-17T12:41:23.283Z] Platform:      win32
[debug] [2024-01-17T12:41:23.283Z] Node Version:  v21.5.0
[debug] [2024-01-17T12:41:23.283Z] Time:          Wed Jan 17 2024 18:11:23 GMT+0530 (India Standard Time)
[debug] [2024-01-17T12:41:23.283Z] ----------------------------------------------------------------------
[debug] 
[debug] [2024-01-17T12:41:23.357Z] > command requires scopes: ["email","openid","https://www.googleapis.com/auth/cloudplatformprojects.readonly","https://www.googleapis.com/auth/firebase","https://www.googleapis.com/auth/cloud-platform"]
[debug] [2024-01-17T12:41:23.358Z] > authorizing via signed-in user (web.developers.2021.2024@gmail.com)
[debug] [2024-01-17T12:41:23.358Z] [iam] checking project tdp-reports-c4ee8 for permissions ["firebase.projects.get","firebasehosting.sites.update"]
[debug] [2024-01-17T12:41:23.360Z] >>> [apiv2][query] POST https://cloudresourcemanager.googleapis.com/v1/projects/tdp-reports-c4ee8:testIamPermissions [none]
[debug] [2024-01-17T12:41:23.360Z] >>> [apiv2][(partial)header] POST https://cloudresourcemanager.googleapis.com/v1/projects/tdp-reports-c4ee8:testIamPermissions x-goog-quota-user=projects/tdp-reports-c4ee8
[debug] [2024-01-17T12:41:23.360Z] >>> [apiv2][body] POST https://cloudresourcemanager.googleapis.com/v1/projects/tdp-reports-c4ee8:testIamPermissions {"permissions":["firebase.projects.get","firebasehosting.sites.update"]}
[debug] [2024-01-17T12:41:25.330Z] <<< [apiv2][status] POST https://cloudresourcemanager.googleapis.com/v1/projects/tdp-reports-c4ee8:testIamPermissions 200
[debug] [2024-01-17T12:41:25.330Z] <<< [apiv2][body] POST https://cloudresourcemanager.googleapis.com/v1/projects/tdp-reports-c4ee8:testIamPermissions {}
[debug] [2024-01-17T12:41:25.331Z] [iam] error while checking permissions, command may fail: FirebaseError: Authorization failed. This account is missing the following required permissions on project tdp-reports-c4ee8:

  firebase.projects.get
  firebasehosting.sites.update
[debug] [2024-01-17T12:41:25.332Z] >>> [apiv2][query] GET https://firebase.googleapis.com/v1beta1/projects/tdp-reports-c4ee8 [none]
[debug] [2024-01-17T12:41:25.973Z] <<< [apiv2][status] GET https://firebase.googleapis.com/v1beta1/projects/tdp-reports-c4ee8 403
[debug] [2024-01-17T12:41:25.973Z] <<< [apiv2][body] GET https://firebase.googleapis.com/v1beta1/projects/tdp-reports-c4ee8 {"error":{"code":403,"message":"The caller does not have permission","status":"PERMISSION_DENIED"}}
[debug] [2024-01-17T12:41:25.974Z] HTTP Error: 403, The caller does not have permission
[error] 
[error] Error: Assertion failed: resolving hosting target of a site with no site name or target name. This should have caused an error earlier
